[shard]2022/07/19 09:52:11 block.go:48: 共识节点打包了0条交易
[shard]2022/07/19 09:52:11 block.go:75: 交易池服务器同步
[shard]2022/07/19 09:52:11 block.go:58: 执行节点打包了12000条交易
[shard]2022/07/19 09:52:11 block.go:75: 交易池服务器同步
[shard]2022/07/19 09:52:11 block.go:58: 执行节点打包了12000条交易
[shard]2022/07/19 09:52:11 block.go:75: 交易池服务器同步
[shard]2022/07/19 09:52:11 block.go:58: 执行节点打包了12000条交易
[shard]2022/07/19 09:52:11 block.go:75: 交易池服务器同步
[shard]2022/07/19 09:52:11 block.go:58: 执行节点打包了12000条交易
[shard]2022/07/19 09:52:11 block.go:75: 交易池服务器同步
[shard]2022/07/19 09:52:12 block.go:58: 执行节点打包了12000条交易
[shard]2022/07/19 09:52:12 block.go:75: 交易池服务器同步
[shard]2022/07/19 09:52:12 block.go:58: 执行节点打包了12000条交易
[shard]2022/07/19 09:52:12 block.go:75: 交易池服务器同步
[shard]2022/07/19 09:52:12 block.go:58: 执行节点打包了12000条交易
[shard]2022/07/19 09:52:12 block.go:75: 交易池服务器同步
[shard]2022/07/19 09:52:12 block.go:58: 执行节点打包了12000条交易
[shard]2022/07/19 09:52:12 block.go:75: 交易池服务器同步
[shard]2022/07/19 09:52:14 block.go:58: 执行节点打包了12000条交易
[shard]2022/07/19 09:52:14 block.go:75: 交易池服务器同步
[shard]2022/07/19 09:52:14 block.go:58: 执行节点打包了12000条交易
[shard]2022/07/19 09:52:14 block.go:75: 交易池服务器同步
[shard]2022/07/19 09:52:14 block.go:58: 执行节点打包了12000条交易
[shard]2022/07/19 09:52:14 block.go:75: 交易池服务器同步
[shard]2022/07/19 09:52:14 block.go:58: 执行节点打包了12000条交易
[shard]2022/07/19 09:52:14 block.go:75: 交易池服务器同步
[shard]2022/07/19 09:52:15 block.go:58: 执行节点打包了12000条交易
[shard]2022/07/19 09:52:15 block.go:75: 交易池服务器同步
[shard]2022/07/19 09:52:15 block.go:58: 执行节点打包了12000条交易
[shard]2022/07/19 09:52:15 block.go:75: 交易池服务器同步
[shard]2022/07/19 09:52:15 block.go:58: 执行节点打包了12000条交易
[shard]2022/07/19 09:52:15 block.go:75: 交易池服务器同步
[shard]2022/07/19 09:52:15 block.go:107: 来自分片0的gsroot请求,此时rootsvote为:map[1:map[] 2:map[]]
[shard]2022/07/19 09:52:16 block.go:58: 执行节点打包了12000条交易
[shard]2022/07/19 09:52:16 block.go:75: 交易池服务器同步
[shard]2022/07/19 09:52:16 block.go:58: 执行节点打包了12000条交易
[shard]2022/07/19 09:52:16 block.go:75: 交易池服务器同步
[shard]2022/07/19 09:52:16 block.go:58: 执行节点打包了12000条交易
[shard]2022/07/19 09:52:16 block.go:75: 交易池服务器同步
[shard]2022/07/19 09:52:16 block.go:58: 执行节点打包了12000条交易
[shard]2022/07/19 09:52:16 block.go:75: 交易池服务器同步
[shard]2022/07/19 09:52:16 block.go:58: 执行节点打包了12000条交易
[shard]2022/07/19 09:52:16 block.go:75: 交易池服务器同步
[shard]2022/07/19 09:52:18 block.go:58: 执行节点打包了12000条交易
[shard]2022/07/19 09:52:18 block.go:75: 交易池服务器同步
[shard]2022/07/19 09:52:18 block.go:58: 执行节点打包了12000条交易
[shard]2022/07/19 09:52:18 block.go:75: 交易池服务器同步
[shard]2022/07/19 09:52:18 block.go:58: 执行节点打包了12000条交易
[shard]2022/07/19 09:52:18 block.go:75: 交易池服务器同步
[shard]2022/07/19 09:52:18 block.go:58: 执行节点打包了12000条交易
[shard]2022/07/19 09:52:18 block.go:75: 交易池服务器同步
[shard]2022/07/19 09:52:19 block.go:58: 执行节点打包了12000条交易
[shard]2022/07/19 09:52:19 block.go:75: 交易池服务器同步
[shard]2022/07/19 09:52:19 block.go:58: 执行节点打包了12000条交易
[shard]2022/07/19 09:52:19 block.go:75: 交易池服务器同步
[shard]2022/07/19 09:52:19 block.go:58: 执行节点打包了12000条交易
[shard]2022/07/19 09:52:19 block.go:75: 交易池服务器同步
[shard]2022/07/19 09:52:19 block.go:58: 执行节点打包了12000条交易
[shard]2022/07/19 09:52:19 block.go:75: 交易池服务器同步
[shard]2022/07/19 09:52:21 block.go:58: 执行节点打包了12000条交易
[shard]2022/07/19 09:52:21 block.go:75: 交易池服务器同步
[shard]2022/07/19 09:52:21 block.go:58: 执行节点打包了12000条交易
[shard]2022/07/19 09:52:21 block.go:75: 交易池服务器同步
[shard]2022/07/19 09:52:21 block.go:58: 执行节点打包了12000条交易
[shard]2022/07/19 09:52:21 block.go:75: 交易池服务器同步
[shard]2022/07/19 09:52:21 block.go:58: 执行节点打包了12000条交易
[shard]2022/07/19 09:52:21 block.go:75: 交易池服务器同步
[shard]2022/07/19 09:52:22 block.go:58: 执行节点打包了12000条交易
[shard]2022/07/19 09:52:22 block.go:75: 交易池服务器同步
[shard]2022/07/19 09:52:22 block.go:58: 执行节点打包了12000条交易
[shard]2022/07/19 09:52:22 block.go:75: 交易池服务器同步
[shard]2022/07/19 09:52:22 block.go:58: 执行节点打包了12000条交易
[shard]2022/07/19 09:52:22 block.go:75: 交易池服务器同步
[shard]2022/07/19 09:52:22 block.go:58: 执行节点打包了12000条交易
[shard]2022/07/19 09:52:22 block.go:75: 交易池服务器同步
[shard]2022/07/19 09:52:24 block.go:58: 执行节点打包了12000条交易
[shard]2022/07/19 09:52:24 block.go:75: 交易池服务器同步
[shard]2022/07/19 09:52:24 block.go:58: 执行节点打包了12000条交易
[shard]2022/07/19 09:52:24 block.go:75: 交易池服务器同步
[shard]2022/07/19 09:52:24 block.go:58: 执行节点打包了12000条交易
[shard]2022/07/19 09:52:24 block.go:75: 交易池服务器同步
[shard]2022/07/19 09:52:24 block.go:58: 执行节点打包了12000条交易
[shard]2022/07/19 09:52:24 block.go:75: 交易池服务器同步
[shard]2022/07/19 09:52:26 block.go:58: 执行节点打包了12000条交易
[shard]2022/07/19 09:52:26 block.go:75: 交易池服务器同步
[shard]2022/07/19 09:52:26 block.go:58: 执行节点打包了12000条交易
[shard]2022/07/19 09:52:26 block.go:75: 交易池服务器同步
[shard]2022/07/19 09:52:26 block.go:58: 执行节点打包了12000条交易
[shard]2022/07/19 09:52:26 block.go:75: 交易池服务器同步
[shard]2022/07/19 09:52:26 block.go:58: 执行节点打包了12000条交易
[shard]2022/07/19 09:52:26 block.go:75: 交易池服务器同步
[shard]2022/07/19 09:52:27 block.go:58: 执行节点打包了12000条交易
[shard]2022/07/19 09:52:27 block.go:75: 交易池服务器同步
[shard]2022/07/19 09:52:27 block.go:58: 执行节点打包了12000条交易
[shard]2022/07/19 09:52:27 block.go:75: 交易池服务器同步
[shard]2022/07/19 09:52:27 block.go:58: 执行节点打包了12000条交易
[shard]2022/07/19 09:52:27 block.go:75: 交易池服务器同步
[shard]2022/07/19 09:52:27 block.go:58: 执行节点打包了12000条交易
[shard]2022/07/19 09:52:27 block.go:75: 交易池服务器同步
[shard]2022/07/19 09:52:30 block.go:58: 执行节点打包了12000条交易
[shard]2022/07/19 09:52:30 block.go:75: 交易池服务器同步
[shard]2022/07/19 09:52:30 block.go:107: 来自分片2的gsroot请求,此时rootsvote为:map[1:map[] 2:map[]]
[shard]2022/07/19 09:52:30 block.go:58: 执行节点打包了12000条交易
[shard]2022/07/19 09:52:30 block.go:75: 交易池服务器同步
[shard]2022/07/19 09:52:30 block.go:58: 执行节点打包了12000条交易
[shard]2022/07/19 09:52:30 block.go:75: 交易池服务器同步
[shard]2022/07/19 09:52:30 block.go:58: 执行节点打包了12000条交易
[shard]2022/07/19 09:52:30 block.go:75: 交易池服务器同步
[shard]2022/07/19 09:52:31 block.go:58: 执行节点打包了12000条交易
[shard]2022/07/19 09:52:31 block.go:75: 交易池服务器同步
[shard]2022/07/19 09:52:31 block.go:58: 执行节点打包了12000条交易
[shard]2022/07/19 09:52:31 block.go:75: 交易池服务器同步
[shard]2022/07/19 09:52:31 block.go:58: 执行节点打包了12000条交易
[shard]2022/07/19 09:52:31 block.go:75: 交易池服务器同步
[shard]2022/07/19 09:52:31 block.go:58: 执行节点打包了12000条交易
[shard]2022/07/19 09:52:31 block.go:75: 交易池服务器同步
[shard]2022/07/19 09:52:32 block.go:58: 执行节点打包了12000条交易
[shard]2022/07/19 09:52:32 block.go:75: 交易池服务器同步
[shard]2022/07/19 09:52:32 block.go:58: 执行节点打包了12000条交易
[shard]2022/07/19 09:52:32 block.go:75: 交易池服务器同步
[shard]2022/07/19 09:52:32 block.go:58: 执行节点打包了12000条交易
[shard]2022/07/19 09:52:32 block.go:75: 交易池服务器同步
[shard]2022/07/19 09:52:32 block.go:58: 执行节点打包了12000条交易
[shard]2022/07/19 09:52:32 block.go:75: 交易池服务器同步
[shard]2022/07/19 09:52:33 block.go:58: 执行节点打包了12000条交易
[shard]2022/07/19 09:52:33 block.go:75: 交易池服务器同步
[shard]2022/07/19 09:52:33 block.go:58: 执行节点打包了12000条交易
[shard]2022/07/19 09:52:33 block.go:75: 交易池服务器同步
[shard]2022/07/19 09:52:33 block.go:58: 执行节点打包了12000条交易
[shard]2022/07/19 09:52:33 block.go:75: 交易池服务器同步
[shard]2022/07/19 09:52:33 block.go:58: 执行节点打包了12000条交易
[shard]2022/07/19 09:52:33 block.go:75: 交易池服务器同步
[shard]2022/07/19 09:52:36 block.go:58: 执行节点打包了12000条交易
[shard]2022/07/19 09:52:36 block.go:75: 交易池服务器同步
[shard]2022/07/19 09:52:36 block.go:58: 执行节点打包了12000条交易
[shard]2022/07/19 09:52:36 block.go:75: 交易池服务器同步
[shard]2022/07/19 09:52:36 block.go:58: 执行节点打包了12000条交易
[shard]2022/07/19 09:52:36 block.go:75: 交易池服务器同步
[shard]2022/07/19 09:52:36 block.go:58: 执行节点打包了12000条交易
[shard]2022/07/19 09:52:36 block.go:75: 交易池服务器同步
[shard]2022/07/19 09:52:37 block.go:58: 执行节点打包了12000条交易
[shard]2022/07/19 09:52:37 block.go:75: 交易池服务器同步
[shard]2022/07/19 09:52:37 block.go:58: 执行节点打包了12000条交易
[shard]2022/07/19 09:52:37 block.go:75: 交易池服务器同步
[shard]2022/07/19 09:52:37 block.go:58: 执行节点打包了12000条交易
[shard]2022/07/19 09:52:37 block.go:75: 交易池服务器同步
[shard]2022/07/19 09:52:37 block.go:58: 执行节点打包了12000条交易
[shard]2022/07/19 09:52:37 block.go:75: 交易池服务器同步
[shard]2022/07/19 09:52:38 block.go:58: 执行节点打包了12000条交易
[shard]2022/07/19 09:52:38 block.go:75: 交易池服务器同步
[shard]2022/07/19 09:52:38 block.go:58: 执行节点打包了12000条交易
[shard]2022/07/19 09:52:38 block.go:75: 交易池服务器同步
[shard]2022/07/19 09:52:38 block.go:58: 执行节点打包了12000条交易
[shard]2022/07/19 09:52:38 block.go:75: 交易池服务器同步
[shard]2022/07/19 09:52:38 state.go:293: 分片1中收到的树根结果为map[]
[shard]2022/07/19 09:52:38 state.go:294: 分片1的Rootsvote为map[]
[shard]2022/07/19 09:52:38 state.go:295: 分片1的NewRootsvote为map[]
[shard]2022/07/19 09:52:38 state.go:305: 树根验证失败
[shard]2022/07/19 09:52:38 state.go:293: 分片2中收到的树根结果为map[]
[shard]2022/07/19 09:52:38 state.go:294: 分片2的Rootsvote为map[]
[shard]2022/07/19 09:52:38 state.go:295: 分片2的NewRootsvote为map[]
[shard]2022/07/19 09:52:38 state.go:305: 树根验证失败
[shard]2022/07/19 09:52:38 block.go:178: 共识分片共识区块1添加成功，将交易区块放入执行区块的交易池中
[shard]2022/07/19 09:52:38 block.go:58: 执行节点打包了12000条交易
[shard]2022/07/19 09:52:38 block.go:75: 交易池服务器同步
[shard]2022/07/19 09:52:43 block.go:48: 共识节点打包了6000条交易
[shard]2022/07/19 09:52:43 block.go:75: 交易池服务器同步
[shard]2022/07/19 09:52:43 block.go:58: 执行节点打包了12000条交易
[shard]2022/07/19 09:52:43 block.go:75: 交易池服务器同步
[shard]2022/07/19 09:52:43 block.go:58: 执行节点打包了12000条交易
[shard]2022/07/19 09:52:43 block.go:75: 交易池服务器同步
[shard]2022/07/19 09:52:43 block.go:58: 执行节点打包了12000条交易
[shard]2022/07/19 09:52:43 block.go:75: 交易池服务器同步
[shard]2022/07/19 09:52:43 block.go:58: 执行节点打包了12000条交易
[shard]2022/07/19 09:52:43 block.go:75: 交易池服务器同步
[shard]2022/07/19 09:52:45 block.go:58: 执行节点打包了12000条交易
[shard]2022/07/19 09:52:45 block.go:75: 交易池服务器同步
[shard]2022/07/19 09:52:45 block.go:58: 执行节点打包了12000条交易
[shard]2022/07/19 09:52:45 block.go:75: 交易池服务器同步
[shard]2022/07/19 09:52:45 block.go:58: 执行节点打包了12000条交易
[shard]2022/07/19 09:52:45 block.go:75: 交易池服务器同步
[shard]2022/07/19 09:52:45 block.go:58: 执行节点打包了12000条交易
[shard]2022/07/19 09:52:45 block.go:75: 交易池服务器同步
[shard]2022/07/19 09:52:46 block.go:58: 执行节点打包了12000条交易
[shard]2022/07/19 09:52:46 block.go:75: 交易池服务器同步
[shard]2022/07/19 09:52:46 block.go:58: 执行节点打包了12000条交易
[shard]2022/07/19 09:52:46 block.go:75: 交易池服务器同步
[shard]2022/07/19 09:52:46 block.go:58: 执行节点打包了12000条交易
[shard]2022/07/19 09:52:46 block.go:75: 交易池服务器同步
[shard]2022/07/19 09:52:46 block.go:58: 执行节点打包了12000条交易
[shard]2022/07/19 09:52:46 block.go:75: 交易池服务器同步
[shard]2022/07/19 09:52:47 block.go:58: 执行节点打包了12000条交易
[shard]2022/07/19 09:52:47 block.go:75: 交易池服务器同步
[shard]2022/07/19 09:52:47 block.go:58: 执行节点打包了12000条交易
[shard]2022/07/19 09:52:47 block.go:75: 交易池服务器同步
[shard]2022/07/19 09:52:47 block.go:58: 执行节点打包了12000条交易
[shard]2022/07/19 09:52:47 block.go:75: 交易池服务器同步
[shard]2022/07/19 09:52:47 block.go:107: 来自分片0的gsroot请求,此时rootsvote为:map[1:map[] 2:map[]]
[shard]2022/07/19 09:52:47 block.go:58: 执行节点打包了12000条交易
[shard]2022/07/19 09:52:47 block.go:75: 交易池服务器同步
[shard]2022/07/19 09:52:49 block.go:58: 执行节点打包了12000条交易
[shard]2022/07/19 09:52:49 block.go:75: 交易池服务器同步
[shard]2022/07/19 09:52:49 block.go:58: 执行节点打包了12000条交易
[shard]2022/07/19 09:52:49 block.go:75: 交易池服务器同步
[shard]2022/07/19 09:52:49 block.go:58: 执行节点打包了12000条交易
[shard]2022/07/19 09:52:49 block.go:75: 交易池服务器同步
[shard]2022/07/19 09:52:49 block.go:58: 执行节点打包了12000条交易
[shard]2022/07/19 09:52:49 block.go:75: 交易池服务器同步
[shard]2022/07/19 09:52:50 block.go:58: 执行节点打包了12000条交易
[shard]2022/07/19 09:52:50 block.go:75: 交易池服务器同步
[shard]2022/07/19 09:52:50 block.go:58: 执行节点打包了12000条交易
[shard]2022/07/19 09:52:50 block.go:75: 交易池服务器同步
[shard]2022/07/19 09:52:50 block.go:58: 执行节点打包了12000条交易
[shard]2022/07/19 09:52:50 block.go:75: 交易池服务器同步
[shard]2022/07/19 09:52:50 block.go:58: 执行节点打包了12000条交易
[shard]2022/07/19 09:52:50 block.go:75: 交易池服务器同步
[shard]2022/07/19 09:52:52 block.go:58: 执行节点打包了12000条交易
[shard]2022/07/19 09:52:52 block.go:75: 交易池服务器同步
[shard]2022/07/19 09:52:52 block.go:58: 执行节点打包了12000条交易
[shard]2022/07/19 09:52:52 block.go:75: 交易池服务器同步
[shard]2022/07/19 09:52:52 block.go:58: 执行节点打包了12000条交易
[shard]2022/07/19 09:52:52 block.go:75: 交易池服务器同步
[shard]2022/07/19 09:52:52 block.go:58: 执行节点打包了12000条交易
[shard]2022/07/19 09:52:52 block.go:75: 交易池服务器同步
[shard]2022/07/19 09:52:54 block.go:58: 执行节点打包了12000条交易
[shard]2022/07/19 09:52:54 block.go:75: 交易池服务器同步
[shard]2022/07/19 09:52:54 block.go:58: 执行节点打包了12000条交易
[shard]2022/07/19 09:52:54 block.go:75: 交易池服务器同步
[shard]2022/07/19 09:52:54 block.go:58: 执行节点打包了12000条交易
[shard]2022/07/19 09:52:54 block.go:75: 交易池服务器同步
[shard]2022/07/19 09:52:54 block.go:58: 执行节点打包了12000条交易
[shard]2022/07/19 09:52:54 block.go:75: 交易池服务器同步
[shard]2022/07/19 09:52:55 block.go:58: 执行节点打包了12000条交易
[shard]2022/07/19 09:52:55 block.go:75: 交易池服务器同步
[shard]2022/07/19 09:52:55 block.go:58: 执行节点打包了12000条交易
[shard]2022/07/19 09:52:55 block.go:75: 交易池服务器同步
[shard]2022/07/19 09:52:55 block.go:58: 执行节点打包了12000条交易
[shard]2022/07/19 09:52:55 block.go:75: 交易池服务器同步
[shard]2022/07/19 09:52:55 block.go:58: 执行节点打包了12000条交易
[shard]2022/07/19 09:52:55 block.go:75: 交易池服务器同步
[shard]2022/07/19 09:52:56 block.go:58: 执行节点打包了12000条交易
[shard]2022/07/19 09:52:56 block.go:75: 交易池服务器同步
[shard]2022/07/19 09:52:56 block.go:58: 执行节点打包了12000条交易
[shard]2022/07/19 09:52:56 block.go:75: 交易池服务器同步
[shard]2022/07/19 09:52:56 block.go:58: 执行节点打包了12000条交易
[shard]2022/07/19 09:52:56 block.go:75: 交易池服务器同步
[shard]2022/07/19 09:52:56 block.go:58: 执行节点打包了12000条交易
[shard]2022/07/19 09:52:56 block.go:75: 交易池服务器同步
[shard]2022/07/19 09:52:59 block.go:58: 执行节点打包了12000条交易
[shard]2022/07/19 09:52:59 block.go:75: 交易池服务器同步
[shard]2022/07/19 09:52:59 block.go:58: 执行节点打包了12000条交易
[shard]2022/07/19 09:52:59 block.go:75: 交易池服务器同步
[shard]2022/07/19 09:52:59 block.go:58: 执行节点打包了12000条交易
[shard]2022/07/19 09:52:59 block.go:75: 交易池服务器同步
[shard]2022/07/19 09:52:59 block.go:58: 执行节点打包了12000条交易
[shard]2022/07/19 09:52:59 block.go:75: 交易池服务器同步
[shard]2022/07/19 09:53:01 block.go:58: 执行节点打包了12000条交易
[shard]2022/07/19 09:53:01 block.go:75: 交易池服务器同步
[shard]2022/07/19 09:53:01 block.go:58: 执行节点打包了12000条交易
[shard]2022/07/19 09:53:01 block.go:75: 交易池服务器同步
[shard]2022/07/19 09:53:01 block.go:107: 来自分片1的gsroot请求,此时rootsvote为:map[1:map[] 2:map[]]
[shard]2022/07/19 09:53:01 block.go:58: 执行节点打包了12000条交易
[shard]2022/07/19 09:53:01 block.go:75: 交易池服务器同步
[shard]2022/07/19 09:53:01 block.go:58: 执行节点打包了12000条交易
[shard]2022/07/19 09:53:01 block.go:75: 交易池服务器同步
[shard]2022/07/19 09:53:03 block.go:58: 执行节点打包了12000条交易
[shard]2022/07/19 09:53:03 block.go:75: 交易池服务器同步
[shard]2022/07/19 09:53:03 block.go:58: 执行节点打包了12000条交易
[shard]2022/07/19 09:53:03 block.go:75: 交易池服务器同步
[shard]2022/07/19 09:53:03 block.go:58: 执行节点打包了12000条交易
[shard]2022/07/19 09:53:03 block.go:75: 交易池服务器同步
[shard]2022/07/19 09:53:03 block.go:58: 执行节点打包了12000条交易
[shard]2022/07/19 09:53:03 block.go:75: 交易池服务器同步
[shard]2022/07/19 09:53:04 block.go:58: 执行节点打包了12000条交易
[shard]2022/07/19 09:53:04 block.go:75: 交易池服务器同步
[shard]2022/07/19 09:53:04 block.go:58: 执行节点打包了12000条交易
[shard]2022/07/19 09:53:04 block.go:75: 交易池服务器同步
[shard]2022/07/19 09:53:04 block.go:58: 执行节点打包了12000条交易
[shard]2022/07/19 09:53:04 block.go:75: 交易池服务器同步
[shard]2022/07/19 09:53:04 block.go:58: 执行节点打包了12000条交易
[shard]2022/07/19 09:53:04 block.go:75: 交易池服务器同步
[shard]2022/07/19 09:53:05 block.go:58: 执行节点打包了12000条交易
[shard]2022/07/19 09:53:05 block.go:75: 交易池服务器同步
[shard]2022/07/19 09:53:05 block.go:58: 执行节点打包了12000条交易
[shard]2022/07/19 09:53:05 block.go:75: 交易池服务器同步
[shard]2022/07/19 09:53:05 block.go:58: 执行节点打包了12000条交易
[shard]2022/07/19 09:53:05 block.go:75: 交易池服务器同步
[shard]2022/07/19 09:53:05 block.go:58: 执行节点打包了12000条交易
[shard]2022/07/19 09:53:05 block.go:75: 交易池服务器同步
[shard]2022/07/19 09:53:08 block.go:58: 执行节点打包了12000条交易
[shard]2022/07/19 09:53:08 block.go:75: 交易池服务器同步
[shard]2022/07/19 09:53:08 block.go:58: 执行节点打包了12000条交易
[shard]2022/07/19 09:53:08 block.go:75: 交易池服务器同步
[shard]2022/07/19 09:53:08 block.go:58: 执行节点打包了12000条交易
[shard]2022/07/19 09:53:08 block.go:75: 交易池服务器同步
[shard]2022/07/19 09:53:08 block.go:58: 执行节点打包了12000条交易
[shard]2022/07/19 09:53:08 block.go:75: 交易池服务器同步
[shard]2022/07/19 09:53:09 block.go:58: 执行节点打包了12000条交易
[shard]2022/07/19 09:53:09 block.go:75: 交易池服务器同步
[shard]2022/07/19 09:53:09 block.go:58: 执行节点打包了12000条交易
[shard]2022/07/19 09:53:09 block.go:75: 交易池服务器同步
[shard]2022/07/19 09:53:09 block.go:58: 执行节点打包了12000条交易
[shard]2022/07/19 09:53:09 block.go:75: 交易池服务器同步
[shard]2022/07/19 09:53:09 block.go:58: 执行节点打包了12000条交易
[shard]2022/07/19 09:53:09 block.go:75: 交易池服务器同步
[shard]2022/07/19 09:53:12 state.go:293: 分片1中收到的树根结果为map[]
[shard]2022/07/19 09:53:12 state.go:294: 分片1的Rootsvote为map[]
[shard]2022/07/19 09:53:12 state.go:295: 分片1的NewRootsvote为map[]
[shard]2022/07/19 09:53:12 state.go:305: 树根验证失败
[shard]2022/07/19 09:53:12 state.go:293: 分片2中收到的树根结果为map[]
[shard]2022/07/19 09:53:12 state.go:294: 分片2的Rootsvote为map[]
[shard]2022/07/19 09:53:12 state.go:295: 分片2的NewRootsvote为map[]
[shard]2022/07/19 09:53:12 state.go:305: 树根验证失败
[shard]2022/07/19 09:53:12 block.go:178: 共识分片共识区块2添加成功，将交易区块放入执行区块的交易池中
[shard]2022/07/19 09:53:12 block.go:58: 执行节点打包了12000条交易
[shard]2022/07/19 09:53:12 block.go:75: 交易池服务器同步
[shard]2022/07/19 09:53:12 block.go:58: 执行节点打包了12000条交易
[shard]2022/07/19 09:53:12 block.go:75: 交易池服务器同步
[shard]2022/07/19 09:53:12 block.go:58: 执行节点打包了12000条交易
[shard]2022/07/19 09:53:12 block.go:75: 交易池服务器同步
[shard]2022/07/19 09:53:15 block.go:107: 来自分片2的gsroot请求,此时rootsvote为:map[1:map[] 2:map[]]
[shard]2022/07/19 09:53:15 block.go:401: 收到来自shard2的树根,该分片的树根以及票数情况为:votesmap[6a6051aceb009ff683662ae878c53fda3e9506f61b6e8ef0645f51133aeeec55:1]
[shard]2022/07/19 09:53:15 block.go:107: 来自分片1的gsroot请求,此时rootsvote为:map[1:map[] 2:map[]]
[shard]2022/07/19 09:53:15 block.go:401: 收到来自shard1的树根,该分片的树根以及票数情况为:votesmap[5a19350920497c52ccdf322ea1a11574fabee9b697790625c875a46f7e06df49:1]
[shard]2022/07/19 09:53:16 block.go:107: 来自分片1的gsroot请求,此时rootsvote为:map[1:map[] 2:map[]]
[shard]2022/07/19 09:53:16 block.go:401: 收到来自shard1的树根,该分片的树根以及票数情况为:votesmap[5a19350920497c52ccdf322ea1a11574fabee9b697790625c875a46f7e06df49:2]
[shard]2022/07/19 09:53:16 block.go:107: 来自分片2的gsroot请求,此时rootsvote为:map[1:map[] 2:map[]]
[shard]2022/07/19 09:53:16 block.go:401: 收到来自shard2的树根,该分片的树根以及票数情况为:votesmap[6a6051aceb009ff683662ae878c53fda3e9506f61b6e8ef0645f51133aeeec55:1 7738987307762bd168200a553d7b1fe8734eb01ec0687d35f261f0a6d609166c:1]
[shard]2022/07/19 09:53:16 block.go:48: 共识节点打包了4500条交易
[shard]2022/07/19 09:53:16 block.go:75: 交易池服务器同步
[shard]2022/07/19 09:53:16 block.go:58: 执行节点打包了12000条交易
[shard]2022/07/19 09:53:16 block.go:75: 交易池服务器同步
[shard]2022/07/19 09:53:16 block.go:58: 执行节点打包了12000条交易
[shard]2022/07/19 09:53:16 block.go:75: 交易池服务器同步
[shard]2022/07/19 09:53:16 block.go:58: 执行节点打包了12000条交易
[shard]2022/07/19 09:53:16 block.go:75: 交易池服务器同步
[shard]2022/07/19 09:53:16 block.go:58: 执行节点打包了12000条交易
[shard]2022/07/19 09:53:16 block.go:75: 交易池服务器同步
[shard]2022/07/19 09:53:18 block.go:58: 执行节点打包了12000条交易
[shard]2022/07/19 09:53:18 block.go:75: 交易池服务器同步
[shard]2022/07/19 09:53:18 block.go:58: 执行节点打包了12000条交易
[shard]2022/07/19 09:53:18 block.go:75: 交易池服务器同步
[shard]2022/07/19 09:53:18 block.go:58: 执行节点打包了12000条交易
[shard]2022/07/19 09:53:18 block.go:75: 交易池服务器同步
[shard]2022/07/19 09:53:18 block.go:58: 执行节点打包了12000条交易
[shard]2022/07/19 09:53:18 block.go:75: 交易池服务器同步
[shard]2022/07/19 09:53:20 block.go:58: 执行节点打包了12000条交易
[shard]2022/07/19 09:53:20 block.go:75: 交易池服务器同步
[shard]2022/07/19 09:53:20 block.go:58: 执行节点打包了12000条交易
[shard]2022/07/19 09:53:20 block.go:75: 交易池服务器同步
[shard]2022/07/19 09:53:20 block.go:58: 执行节点打包了12000条交易
[shard]2022/07/19 09:53:20 block.go:75: 交易池服务器同步
[shard]2022/07/19 09:53:20 block.go:58: 执行节点打包了12000条交易
[shard]2022/07/19 09:53:20 block.go:75: 交易池服务器同步
[shard]2022/07/19 09:53:22 block.go:107: 来自分片0的gsroot请求,此时rootsvote为:map[1:map[5a19350920497c52ccdf322ea1a11574fabee9b697790625c875a46f7e06df49:2] 2:map[6a6051aceb009ff683662ae878c53fda3e9506f61b6e8ef0645f51133aeeec55:1 7738987307762bd168200a553d7b1fe8734eb01ec0687d35f261f0a6d609166c:1]]
[shard]2022/07/19 09:53:22 block.go:58: 执行节点打包了12000条交易
[shard]2022/07/19 09:53:22 block.go:75: 交易池服务器同步
[shard]2022/07/19 09:53:22 block.go:58: 执行节点打包了12000条交易
[shard]2022/07/19 09:53:22 block.go:75: 交易池服务器同步
[shard]2022/07/19 09:53:22 block.go:58: 执行节点打包了12000条交易
[shard]2022/07/19 09:53:22 block.go:75: 交易池服务器同步
[shard]2022/07/19 09:53:22 block.go:58: 执行节点打包了12000条交易
[shard]2022/07/19 09:53:22 block.go:75: 交易池服务器同步
[shard]2022/07/19 09:53:24 block.go:58: 执行节点打包了12000条交易
[shard]2022/07/19 09:53:24 block.go:75: 交易池服务器同步
[shard]2022/07/19 09:53:24 block.go:58: 执行节点打包了12000条交易
[shard]2022/07/19 09:53:24 block.go:75: 交易池服务器同步
[shard]2022/07/19 09:53:24 block.go:58: 执行节点打包了12000条交易
[shard]2022/07/19 09:53:24 block.go:75: 交易池服务器同步
[shard]2022/07/19 09:53:24 block.go:58: 执行节点打包了12000条交易
[shard]2022/07/19 09:53:24 block.go:75: 交易池服务器同步
[shard]2022/07/19 09:53:26 block.go:58: 执行节点打包了12000条交易
[shard]2022/07/19 09:53:26 block.go:75: 交易池服务器同步
[shard]2022/07/19 09:53:26 block.go:58: 执行节点打包了12000条交易
[shard]2022/07/19 09:53:26 block.go:75: 交易池服务器同步
[shard]2022/07/19 09:53:26 block.go:58: 执行节点打包了12000条交易
[shard]2022/07/19 09:53:26 block.go:75: 交易池服务器同步
[shard]2022/07/19 09:53:26 block.go:58: 执行节点打包了12000条交易
[shard]2022/07/19 09:53:26 block.go:75: 交易池服务器同步
[shard]2022/07/19 09:53:27 block.go:58: 执行节点打包了12000条交易
[shard]2022/07/19 09:53:27 block.go:75: 交易池服务器同步
[shard]2022/07/19 09:53:27 block.go:58: 执行节点打包了12000条交易
[shard]2022/07/19 09:53:27 block.go:75: 交易池服务器同步
[shard]2022/07/19 09:53:27 block.go:58: 执行节点打包了12000条交易
[shard]2022/07/19 09:53:27 block.go:75: 交易池服务器同步
[shard]2022/07/19 09:53:27 block.go:58: 执行节点打包了12000条交易
[shard]2022/07/19 09:53:27 block.go:75: 交易池服务器同步
[shard]2022/07/19 09:53:30 block.go:58: 执行节点打包了12000条交易
[shard]2022/07/19 09:53:30 block.go:75: 交易池服务器同步
[shard]2022/07/19 09:53:30 block.go:58: 执行节点打包了12000条交易
[shard]2022/07/19 09:53:30 block.go:75: 交易池服务器同步
[shard]2022/07/19 09:53:30 block.go:58: 执行节点打包了12000条交易
[shard]2022/07/19 09:53:30 block.go:75: 交易池服务器同步
[shard]2022/07/19 09:53:30 block.go:58: 执行节点打包了12000条交易
[shard]2022/07/19 09:53:30 block.go:75: 交易池服务器同步
[shard]2022/07/19 09:53:31 block.go:58: 执行节点打包了12000条交易
[shard]2022/07/19 09:53:31 block.go:75: 交易池服务器同步
[shard]2022/07/19 09:53:31 block.go:58: 执行节点打包了12000条交易
[shard]2022/07/19 09:53:31 block.go:75: 交易池服务器同步
[shard]2022/07/19 09:53:31 block.go:58: 执行节点打包了12000条交易
[shard]2022/07/19 09:53:31 block.go:75: 交易池服务器同步
[shard]2022/07/19 09:53:31 block.go:58: 执行节点打包了12000条交易
[shard]2022/07/19 09:53:31 block.go:75: 交易池服务器同步
[shard]2022/07/19 09:53:32 block.go:58: 执行节点打包了12000条交易
[shard]2022/07/19 09:53:32 block.go:75: 交易池服务器同步
[shard]2022/07/19 09:53:32 block.go:58: 执行节点打包了12000条交易
[shard]2022/07/19 09:53:32 block.go:75: 交易池服务器同步
[shard]2022/07/19 09:53:32 block.go:58: 执行节点打包了12000条交易
[shard]2022/07/19 09:53:32 block.go:75: 交易池服务器同步
[shard]2022/07/19 09:53:32 block.go:58: 执行节点打包了12000条交易
[shard]2022/07/19 09:53:32 block.go:75: 交易池服务器同步
[shard]2022/07/19 09:53:33 block.go:58: 执行节点打包了12000条交易
[shard]2022/07/19 09:53:33 block.go:75: 交易池服务器同步
[shard]2022/07/19 09:53:33 block.go:58: 执行节点打包了12000条交易
[shard]2022/07/19 09:53:33 block.go:75: 交易池服务器同步
[shard]2022/07/19 09:53:33 block.go:58: 执行节点打包了12000条交易
[shard]2022/07/19 09:53:33 block.go:75: 交易池服务器同步
[shard]2022/07/19 09:53:33 block.go:58: 执行节点打包了12000条交易
[shard]2022/07/19 09:53:33 block.go:75: 交易池服务器同步
[shard]2022/07/19 09:53:34 block.go:58: 执行节点打包了12000条交易
[shard]2022/07/19 09:53:34 block.go:75: 交易池服务器同步
[shard]2022/07/19 09:53:34 block.go:58: 执行节点打包了12000条交易
[shard]2022/07/19 09:53:34 block.go:75: 交易池服务器同步
[shard]2022/07/19 09:53:34 block.go:58: 执行节点打包了12000条交易
[shard]2022/07/19 09:53:34 block.go:75: 交易池服务器同步
[shard]2022/07/19 09:53:34 block.go:58: 执行节点打包了12000条交易
[shard]2022/07/19 09:53:34 block.go:75: 交易池服务器同步
[shard]2022/07/19 09:53:35 block.go:58: 执行节点打包了12000条交易
[shard]2022/07/19 09:53:35 block.go:75: 交易池服务器同步
[shard]2022/07/19 09:53:35 block.go:58: 执行节点打包了12000条交易
[shard]2022/07/19 09:53:35 block.go:75: 交易池服务器同步
[shard]2022/07/19 09:53:35 block.go:58: 执行节点打包了12000条交易
[shard]2022/07/19 09:53:35 block.go:75: 交易池服务器同步
[shard]2022/07/19 09:53:35 block.go:107: 来自分片2的gsroot请求,此时rootsvote为:map[1:map[5a19350920497c52ccdf322ea1a11574fabee9b697790625c875a46f7e06df49:2] 2:map[6a6051aceb009ff683662ae878c53fda3e9506f61b6e8ef0645f51133aeeec55:1 7738987307762bd168200a553d7b1fe8734eb01ec0687d35f261f0a6d609166c:1]]
[shard]2022/07/19 09:53:35 block.go:58: 执行节点打包了12000条交易
[shard]2022/07/19 09:53:35 block.go:75: 交易池服务器同步
[shard]2022/07/19 09:53:36 block.go:58: 执行节点打包了12000条交易
[shard]2022/07/19 09:53:36 block.go:75: 交易池服务器同步
[shard]2022/07/19 09:53:36 block.go:58: 执行节点打包了12000条交易
[shard]2022/07/19 09:53:36 block.go:75: 交易池服务器同步
[shard]2022/07/19 09:53:36 block.go:58: 执行节点打包了12000条交易
[shard]2022/07/19 09:53:36 block.go:75: 交易池服务器同步
[shard]2022/07/19 09:53:36 block.go:58: 执行节点打包了12000条交易
[shard]2022/07/19 09:53:36 block.go:75: 交易池服务器同步
[shard]2022/07/19 09:53:37 block.go:58: 执行节点打包了12000条交易
[shard]2022/07/19 09:53:37 block.go:75: 交易池服务器同步
[shard]2022/07/19 09:53:37 block.go:58: 执行节点打包了12000条交易
[shard]2022/07/19 09:53:37 block.go:75: 交易池服务器同步
[shard]2022/07/19 09:53:37 block.go:58: 执行节点打包了12000条交易
[shard]2022/07/19 09:53:37 block.go:75: 交易池服务器同步
[shard]2022/07/19 09:53:37 block.go:58: 执行节点打包了12000条交易
[shard]2022/07/19 09:53:37 block.go:75: 交易池服务器同步
[shard]2022/07/19 09:53:44 block.go:58: 执行节点打包了12000条交易
[shard]2022/07/19 09:53:44 block.go:75: 交易池服务器同步
[shard]2022/07/19 09:53:44 block.go:58: 执行节点打包了12000条交易
[shard]2022/07/19 09:53:44 block.go:75: 交易池服务器同步
[shard]2022/07/19 09:53:44 block.go:58: 执行节点打包了12000条交易
[shard]2022/07/19 09:53:44 block.go:75: 交易池服务器同步
[shard]2022/07/19 09:53:44 block.go:58: 执行节点打包了12000条交易
[shard]2022/07/19 09:53:44 block.go:75: 交易池服务器同步
[shard]2022/07/19 09:53:46 state.go:293: 分片1中收到的树根结果为map[5a19350920497c52ccdf322ea1a11574fabee9b697790625c875a46f7e06df49:2]
[shard]2022/07/19 09:53:46 state.go:294: 分片1的Rootsvote为map[5a19350920497c52ccdf322ea1a11574fabee9b697790625c875a46f7e06df49:2]
[shard]2022/07/19 09:53:46 state.go:295: 分片1的NewRootsvote为map[]
[shard]2022/07/19 09:53:46 state.go:302: 树根验证成功
[shard]2022/07/19 09:53:46 state.go:293: 分片2中收到的树根结果为map[6a6051aceb009ff683662ae878c53fda3e9506f61b6e8ef0645f51133aeeec55:1 7738987307762bd168200a553d7b1fe8734eb01ec0687d35f261f0a6d609166c:1]
[shard]2022/07/19 09:53:46 state.go:294: 分片2的Rootsvote为map[6a6051aceb009ff683662ae878c53fda3e9506f61b6e8ef0645f51133aeeec55:1 7738987307762bd168200a553d7b1fe8734eb01ec0687d35f261f0a6d609166c:1]
[shard]2022/07/19 09:53:46 state.go:295: 分片2的NewRootsvote为map[]
[shard]2022/07/19 09:53:46 state.go:305: 树根验证失败
[shard]2022/07/19 09:53:46 block.go:178: 共识分片共识区块3添加成功，将交易区块放入执行区块的交易池中
[shard]2022/07/19 09:53:46 block.go:58: 执行节点打包了12000条交易
[shard]2022/07/19 09:53:46 block.go:75: 交易池服务器同步
[shard]2022/07/19 09:53:46 block.go:58: 执行节点打包了12000条交易
[shard]2022/07/19 09:53:46 block.go:75: 交易池服务器同步
[shard]2022/07/19 09:53:46 block.go:58: 执行节点打包了12000条交易
[shard]2022/07/19 09:53:46 block.go:75: 交易池服务器同步
[shard]2022/07/19 09:53:48 block.go:107: 来自分片2的gsroot请求,此时rootsvote为:map[1:map[5a19350920497c52ccdf322ea1a11574fabee9b697790625c875a46f7e06df49:2] 2:map[6a6051aceb009ff683662ae878c53fda3e9506f61b6e8ef0645f51133aeeec55:1 7738987307762bd168200a553d7b1fe8734eb01ec0687d35f261f0a6d609166c:1]]
[shard]2022/07/19 09:53:48 block.go:401: 收到来自shard2的树根,该分片的树根以及票数情况为:votesmap[bd6102e19a9c3d5e1bc9ac8272004d02d1b3ba28f844a5c69d5e6da3f6daafb0:1]
