[shard]2022/07/19 09:52:05 forwarding.go:61: 连接到一个新的服务器192.168.199.102,当前服务器数为1
[shard]2022/07/19 09:52:10 shard.go:59: 该移动节点被分配到了1分片
[shard]2022/07/19 09:52:10 shard.go:115: 分片1添加一个新的移动节点,当前分片的移动节点数为1
[shard]2022/07/19 09:52:10 shard.go:59: 该移动节点被分配到了1分片
[shard]2022/07/19 09:52:10 shard.go:115: 分片1添加一个新的移动节点,当前分片的移动节点数为2
[shard]2022/07/19 09:52:10 shard.go:59: 该移动节点被分配到了1分片
[shard]2022/07/19 09:52:10 shard.go:115: 分片1添加一个新的移动节点,当前分片的移动节点数为3
[shard]2022/07/19 09:52:10 shard.go:149: 执行分片1切换到了生成委员会阶段
[shard]2022/07/19 09:52:11 shard.go:59: 该移动节点被分配到了2分片
[shard]2022/07/19 09:52:11 shard.go:115: 分片2添加一个新的移动节点,当前分片的移动节点数为1
[shard]2022/07/19 09:52:11 shard.go:59: 该移动节点被分配到了2分片
[shard]2022/07/19 09:52:11 shard.go:115: 分片2添加一个新的移动节点,当前分片的移动节点数为2
[shard]2022/07/19 09:52:11 shard.go:59: 该移动节点被分配到了2分片
[shard]2022/07/19 09:52:11 shard.go:115: 分片2添加一个新的移动节点,当前分片的移动节点数为3
[shard]2022/07/19 09:52:11 shard.go:149: 执行分片2切换到了生成委员会阶段
[shard]2022/07/19 09:52:11 shard.go:178: 所有执行分片都选出了胜者，开始进行共识
[shard]2022/07/19 09:52:12 shard.go:59: 该移动节点被分配到了0分片
[shard]2022/07/19 09:52:12 shard.go:59: 该移动节点被分配到了0分片
[shard]2022/07/19 09:52:12 shard.go:59: 该移动节点被分配到了0分片
[shard]2022/07/19 09:52:14 shard.go:59: 该移动节点被分配到了0分片
[shard]2022/07/19 09:52:18 shard.go:59: 该移动节点被分配到了0分片
[shard]2022/07/19 09:52:18 shard.go:59: 该移动节点被分配到了0分片
[shard]2022/07/19 09:52:18 shard.go:59: 该移动节点被分配到了0分片
[shard]2022/07/19 09:52:19 shard.go:59: 该移动节点被分配到了0分片
[shard]2022/07/19 09:52:24 shard.go:59: 该移动节点被分配到了0分片
[shard]2022/07/19 09:52:24 shard.go:59: 该移动节点被分配到了0分片
[shard]2022/07/19 09:52:24 shard.go:59: 该移动节点被分配到了0分片
[shard]2022/07/19 09:52:24 shard.go:59: 该移动节点被分配到了0分片
[shard]2022/07/19 09:52:30 shard.go:59: 该移动节点被分配到了0分片
[shard]2022/07/19 09:52:30 shard.go:59: 该移动节点被分配到了0分片
[shard]2022/07/19 09:52:30 shard.go:59: 该移动节点被分配到了0分片
[shard]2022/07/19 09:52:30 shard.go:59: 该移动节点被分配到了0分片
[shard]2022/07/19 09:52:36 shard.go:59: 该移动节点被分配到了0分片
[shard]2022/07/19 09:52:36 shard.go:59: 该移动节点被分配到了0分片
[shard]2022/07/19 09:52:36 shard.go:59: 该移动节点被分配到了0分片
[shard]2022/07/19 09:52:36 shard.go:59: 该移动节点被分配到了0分片
[shard]2022/07/19 09:52:38 shard.go:59: 该移动节点被分配到了0分片
[shard]2022/07/19 09:52:38 block.go:176: 共识分片共识区块1添加成功，将交易区块放入执行区块的交易池中
[shard]2022/07/19 09:52:38 block.go:227: 重新开始筛选节点,清空上一分片节点相关信息
[shard]2022/07/19 09:52:38 shard.go:59: 该移动节点被分配到了1分片
[shard]2022/07/19 09:52:38 shard.go:115: 分片1添加一个新的移动节点,当前分片的移动节点数为1
[shard]2022/07/19 09:52:41 shard.go:59: 该移动节点被分配到了1分片
[shard]2022/07/19 09:52:41 shard.go:59: 该移动节点被分配到了1分片
[shard]2022/07/19 09:52:41 shard.go:59: 该移动节点被分配到了2分片
[shard]2022/07/19 09:52:41 shard.go:59: 该移动节点被分配到了2分片
[shard]2022/07/19 09:52:41 shard.go:115: 分片1添加一个新的移动节点,当前分片的移动节点数为2
[shard]2022/07/19 09:52:41 shard.go:115: 分片1添加一个新的移动节点,当前分片的移动节点数为3
[shard]2022/07/19 09:52:41 shard.go:149: 执行分片1切换到了生成委员会阶段
[shard]2022/07/19 09:52:41 shard.go:115: 分片2添加一个新的移动节点,当前分片的移动节点数为1
[shard]2022/07/19 09:52:41 shard.go:115: 分片2添加一个新的移动节点,当前分片的移动节点数为2
[shard]2022/07/19 09:52:43 shard.go:59: 该移动节点被分配到了2分片
[shard]2022/07/19 09:52:43 shard.go:115: 分片2添加一个新的移动节点,当前分片的移动节点数为3
[shard]2022/07/19 09:52:43 shard.go:149: 执行分片2切换到了生成委员会阶段
[shard]2022/07/19 09:52:43 shard.go:178: 所有执行分片都选出了胜者，开始进行共识
[shard]2022/07/19 09:53:09 shard.go:59: 该移动节点被分配到了0分片
[shard]2022/07/19 09:53:12 block.go:176: 共识分片共识区块2添加成功，将交易区块放入执行区块的交易池中
[shard]2022/07/19 09:53:12 block.go:227: 重新开始筛选节点,清空上一分片节点相关信息
[shard]2022/07/19 09:53:12 shard.go:59: 该移动节点被分配到了1分片
[shard]2022/07/19 09:53:12 shard.go:115: 分片1添加一个新的移动节点,当前分片的移动节点数为1
[shard]2022/07/19 09:53:14 shard.go:59: 该移动节点被分配到了1分片
[shard]2022/07/19 09:53:14 shard.go:115: 分片1添加一个新的移动节点,当前分片的移动节点数为2
[shard]2022/07/19 09:53:15 shard.go:59: 该移动节点被分配到了1分片
[shard]2022/07/19 09:53:15 shard.go:115: 分片1添加一个新的移动节点,当前分片的移动节点数为3
[shard]2022/07/19 09:53:15 shard.go:149: 执行分片1切换到了生成委员会阶段
[shard]2022/07/19 09:53:15 shard.go:59: 该移动节点被分配到了2分片
[shard]2022/07/19 09:53:15 shard.go:115: 分片2添加一个新的移动节点,当前分片的移动节点数为1
[shard]2022/07/19 09:53:16 shard.go:59: 该移动节点被分配到了2分片
[shard]2022/07/19 09:53:16 shard.go:115: 分片2添加一个新的移动节点,当前分片的移动节点数为2
[shard]2022/07/19 09:53:16 shard.go:59: 该移动节点被分配到了2分片
[shard]2022/07/19 09:53:16 shard.go:115: 分片2添加一个新的移动节点,当前分片的移动节点数为3
[shard]2022/07/19 09:53:16 shard.go:149: 执行分片2切换到了生成委员会阶段
[shard]2022/07/19 09:53:16 shard.go:178: 所有执行分片都选出了胜者，开始进行共识
[shard]2022/07/19 09:53:44 shard.go:59: 该移动节点被分配到了0分片
[shard]2022/07/19 09:53:46 block.go:176: 共识分片共识区块3添加成功，将交易区块放入执行区块的交易池中
[shard]2022/07/19 09:53:46 block.go:227: 重新开始筛选节点,清空上一分片节点相关信息
[shard]2022/07/19 09:53:46 shard.go:59: 该移动节点被分配到了1分片
[shard]2022/07/19 09:53:46 shard.go:115: 分片1添加一个新的移动节点,当前分片的移动节点数为1
